d:\school\study\program\myosdk\program_myo\x64\debug\vc141.pdb
d:\school\study\program\myosdk\program_myo\x64\debug\vc141.idb
d:\school\study\program\myosdk\program_myo\x64\debug\myo.obj
d:\school\study\program\myosdk\program_myo\x64\debug\myo.exe
d:\school\study\program\myosdk\program_myo\x64\debug\myo.ilk
d:\school\study\program\myosdk\program_myo\x64\debug\myo.pdb
d:\school\study\program\myosdk\program_myo\x64\debug\backup.obj
d:\school\study\program\myosdk\program_myo\x64\debug\emg-data-sample.obj
d:\school\study\program\myosdk\program_myo\x64\debug\multiple-myos.obj
d:\school\study\program\myosdk\program_myo\x64\debug\myomidi.obj
d:\school\study\program\myosdk\program_myo\x64\debug\emg-data-sample-visualstudio2013.ilk
d:\school\study\program\myosdk\program_myo\x64\debug\multiple-myos-visualstudio2013.ilk
d:\school\study\program\myosdk\program_myo\x64\debug\myomidi.ilk
d:\school\study\program\myosdk\program_myo\x64\debug\emg-data-sample-visualstudio2013.pdb
d:\school\study\program\myosdk\program_myo\x64\debug\multiple-myos-visualstudio2013.pdb
d:\school\study\program\myosdk\program_myo\x64\debug\myomidi.pdb
d:\school\study\program\myosdk\program_myo\x64\debug\myo.tlog\cl.command.1.tlog
d:\school\study\program\myosdk\program_myo\x64\debug\myo.tlog\cl.read.1.tlog
d:\school\study\program\myosdk\program_myo\x64\debug\myo.tlog\cl.write.1.tlog
d:\school\study\program\myosdk\program_myo\x64\debug\myo.tlog\link.command.1.tlog
d:\school\study\program\myosdk\program_myo\x64\debug\myo.tlog\link.read.1.tlog
d:\school\study\program\myosdk\program_myo\x64\debug\myo.tlog\link.write.1.tlog
